2023-04-04 16:52:18,340 : Got Server on : http://36.66.208.123/api/ 
2023-04-04 16:52:18,352 : Starting: TXR103 === : Development Purabaya Rajawali on linux
2023-04-04 16:52:18,389 : Distance A terminal PURABAYA to Simpang Bengawan = 6945 ; to Simpang Pandegiling = 8359
2023-04-04 16:52:18,390 : Distance B terminal RAJAWALI to Simpang Bengawan = 5961 ; to Simpang Pandegiling = 4598
2023-04-04 16:52:18,588 : Success connect to : http://36.66.208.123/api/ 
2023-04-04 16:52:18,589 : ========================================================
2023-04-04 16:52:18,590 : Development Purabaya Rajawali Waiting task on port : 8090 
2023-04-04 16:58:02,462 : Got Server on : http://36.66.208.123/api/ 
2023-04-04 16:58:02,475 : Starting: TXR103 === : Development Purabaya Rajawali on linux
2023-04-04 16:58:02,509 : Distance A terminal PURABAYA to Simpang Bengawan = 6945 ; to Simpang Pandegiling = 8359
2023-04-04 16:58:02,510 : Distance B terminal RAJAWALI to Simpang Bengawan = 5961 ; to Simpang Pandegiling = 4598
2023-04-04 16:58:02,925 : Success connect to : http://36.66.208.123/api/ 
2023-04-04 16:58:02,926 : ========================================================
2023-04-04 16:58:02,927 : Development Purabaya Rajawali Waiting task on port : 8090 
2023-04-04 16:58:03,700 : Receive: {"task":"TX_PIPE", "dtime":"2023-04-04T09:58:01.000Z", "dlat":"-7.437725", "dlon":"112.725681667", "dspeed":"0.159", "dtrack":"359.63" }
 <=> Length: 137  
2023-04-04 16:58:03,701 : 2023-04-04T09:58:01.000Z location at latitude : -7.437725 ; longitude : 112.725681667 With speed : 0.159 & Track : 359.63
2023-04-04 16:58:03,701 : Distance to cek point : PURABAYA : 9605 ; Simpang Bengawan : 16519 ; Simpang Pandegiling : 17928 ; RAJAWALI : 22436
2023-04-04 16:58:03,702 : Bergerak >>>>>>>>>>>>
2023-04-04 16:58:03,702 : Distance from A terminal PURABAYA = 9605 => 9605 => 0 
2023-04-04 16:58:03,703 : Distance from B terminal RAJAWALI = 22436 => 22436 => 0 
2023-04-04 16:58:03,703 : Distance from Simpang Bengawan = 16519 => 16519 => 0
2023-04-04 16:58:03,703 : Distance from Simpang Pandegiling = 17928 => 17928 => 0 
2023-04-04 16:58:03,704 : Destination = Unknown_UTARA 
2023-04-04 16:58:03,857 : Success connect to : http://36.66.208.123/api/ 
2023-04-04 16:58:03,858 : ========================================================
2023-04-04 16:58:03,858 : Development Purabaya Rajawali Waiting task on port : 8090 
2023-04-04 16:58:09,796 : Receive: {"task":"TX_PIPE", "dtime":"2023-04-04T09:58:07.000Z", "dlat":"-7.437721667", "dlon":"112.725683333", "dspeed":"0.026", "dtrack":"359.63" }
 <=> Length: 140  
2023-04-04 16:58:09,797 : 2023-04-04T09:58:07.000Z location at latitude : -7.437721667 ; longitude : 112.725683333 With speed : 0.026 & Track : 359.63
2023-04-04 16:58:09,797 : Distance to cek point : PURABAYA : 9605 ; Simpang Bengawan : 16519 ; Simpang Pandegiling : 17927 ; RAJAWALI : 22436
2023-04-04 16:58:09,797 : XXXXX Berhenti XXXXXXX
2023-04-04 16:58:09,936 : Success connect to : http://36.66.208.123/api/ 
2023-04-04 16:58:09,936 : ========================================================
2023-04-04 16:58:09,937 : Development Purabaya Rajawali Waiting task on port : 8090 
2023-04-04 16:58:16,205 : Receive: {"task":"TX_PIPE", "dtime":"2023-04-04T09:58:13.000Z", "dlat":"-7.437721667", "dlon":"112.725681667", "dspeed":"0.093", "dtrack":"359.63" }
 <=> Length: 140  
2023-04-04 16:58:16,205 : 2023-04-04T09:58:13.000Z location at latitude : -7.437721667 ; longitude : 112.725681667 With speed : 0.093 & Track : 359.63
2023-04-04 16:58:16,206 : Distance to cek point : PURABAYA : 9605 ; Simpang Bengawan : 16519 ; Simpang Pandegiling : 17927 ; RAJAWALI : 22436
2023-04-04 16:58:16,206 : XXXXX Berhenti XXXXXXX
2023-04-04 16:58:16,551 : Success connect to : http://36.66.208.123/api/ 
2023-04-04 16:58:16,551 : ========================================================
2023-04-04 16:58:16,551 : Development Purabaya Rajawali Waiting task on port : 8090 
2023-04-04 16:58:22,516 : Receive: {"task":"TX_PIPE", "dtime":"2023-04-04T09:58:19.000Z", "dlat":"-7.437718333", "dlon":"112.72568", "dspeed":"0.098", "dtrack":"359.63" }
 <=> Length: 136  
2023-04-04 16:58:22,524 : 2023-04-04T09:58:19.000Z location at latitude : -7.437718333 ; longitude : 112.72568 With speed : 0.098 & Track : 359.63
2023-04-04 16:58:22,526 : Distance to cek point : PURABAYA : 9605 ; Simpang Bengawan : 16518 ; Simpang Pandegiling : 17927 ; RAJAWALI : 22436
2023-04-04 16:58:22,527 : XXXXX Berhenti XXXXXXX
2023-04-04 16:58:22,650 : Success connect to : http://36.66.208.123/api/ 
2023-04-04 16:58:22,651 : ========================================================
2023-04-04 16:58:22,651 : Development Purabaya Rajawali Waiting task on port : 8090 
2023-04-04 16:58:27,709 : Receive: {"task":"TX_PIPE", "dtime":"2023-04-04T09:58:25.000Z", "dlat":"-7.43772", "dlon":"112.72568", "dspeed":"0.18", "dtrack":"359.63" }
 <=> Length: 131  
2023-04-04 16:58:27,710 : 2023-04-04T09:58:25.000Z location at latitude : -7.43772 ; longitude : 112.72568 With speed : 0.18 & Track : 359.63
2023-04-04 16:58:27,711 : Distance to cek point : PURABAYA : 9605 ; Simpang Bengawan : 16518 ; Simpang Pandegiling : 17927 ; RAJAWALI : 22436
2023-04-04 16:58:27,712 : XXXXX Berhenti XXXXXXX
2023-04-04 16:58:27,851 : Success connect to : http://36.66.208.123/api/ 
2023-04-04 16:58:27,851 : ========================================================
2023-04-04 16:58:27,852 : Development Purabaya Rajawali Waiting task on port : 8090 
2023-04-04 16:58:32,781 : Receive: {"task":"TX_PIPE", "dtime":"2023-04-04T09:58:30.000Z", "dlat":"-7.437718333", "dlon":"112.72568", "dspeed":"0.154", "dtrack":"359.63" }
 <=> Length: 136  
2023-04-04 16:58:32,782 : 2023-04-04T09:58:30.000Z location at latitude : -7.437718333 ; longitude : 112.72568 With speed : 0.154 & Track : 359.63
2023-04-04 16:58:32,783 : Distance to cek point : PURABAYA : 9605 ; Simpang Bengawan : 16518 ; Simpang Pandegiling : 17927 ; RAJAWALI : 22436
2023-04-04 16:58:32,784 : XXXXX Berhenti XXXXXXX
2023-04-04 16:58:32,905 : Success connect to : http://36.66.208.123/api/ 
2023-04-04 16:58:32,906 : ========================================================
2023-04-04 16:58:32,906 : Development Purabaya Rajawali Waiting task on port : 8090 
2023-04-04 16:58:37,676 : Receive: {"task":"TX_PIPE", "dtime":"2023-04-04T09:58:35.000Z", "dlat":"-7.437716667", "dlon":"112.725678333", "dspeed":"0.036", "dtrack":"359.63" }
 <=> Length: 140  
2023-04-04 16:58:37,677 : 2023-04-04T09:58:35.000Z location at latitude : -7.437716667 ; longitude : 112.725678333 With speed : 0.036 & Track : 359.63
2023-04-04 16:58:37,678 : Distance to cek point : PURABAYA : 9604 ; Simpang Bengawan : 16518 ; Simpang Pandegiling : 17927 ; RAJAWALI : 22435
2023-04-04 16:58:37,679 : XXXXX Berhenti XXXXXXX
2023-04-04 16:58:37,846 : Success connect to : http://36.66.208.123/api/ 
2023-04-04 16:58:37,852 : ========================================================
2023-04-04 16:58:37,852 : Development Purabaya Rajawali Waiting task on port : 8090 
2023-04-04 16:58:42,759 : Receive: {"task":"TX_PIPE", "dtime":"2023-04-04T09:58:40.000Z", "dlat":"-7.437716667", "dlon":"112.725681667", "dspeed":"0.154", "dtrack":"359.63" }
 <=> Length: 140  
2023-04-04 16:58:42,760 : 2023-04-04T09:58:40.000Z location at latitude : -7.437716667 ; longitude : 112.725681667 With speed : 0.154 & Track : 359.63
2023-04-04 16:58:42,760 : Distance to cek point : PURABAYA : 9604 ; Simpang Bengawan : 16518 ; Simpang Pandegiling : 17927 ; RAJAWALI : 22435
2023-04-04 16:58:42,761 : XXXXX Berhenti XXXXXXX
2023-04-04 16:58:42,896 : Success connect to : http://36.66.208.123/api/ 
2023-04-04 16:58:42,902 : ========================================================
2023-04-04 16:58:42,903 : Development Purabaya Rajawali Waiting task on port : 8090 
2023-04-04 16:58:47,734 : Receive: {"task":"TX_PIPE", "dtime":"2023-04-04T09:58:45.000Z", "dlat":"-7.437718333", "dlon":"112.725678333", "dspeed":"0.098", "dtrack":"359.63" }
 <=> Length: 140  
2023-04-04 16:58:47,735 : 2023-04-04T09:58:45.000Z location at latitude : -7.437718333 ; longitude : 112.725678333 With speed : 0.098 & Track : 359.63
2023-04-04 16:58:47,736 : Distance to cek point : PURABAYA : 9605 ; Simpang Bengawan : 16518 ; Simpang Pandegiling : 17927 ; RAJAWALI : 22436
2023-04-04 16:58:47,737 : XXXXX Berhenti XXXXXXX
2023-04-04 16:58:48,060 : Success connect to : http://36.66.208.123/api/ 
2023-04-04 16:58:48,671 : ========================================================
2023-04-04 16:58:48,672 : Development Purabaya Rajawali Waiting task on port : 8090 
2023-04-04 16:58:52,793 : Receive: {"task":"TX_PIPE", "dtime":"2023-04-04T09:58:50.000Z", "dlat":"-7.437716667", "dlon":"112.725678333", "dspeed":"0.041", "dtrack":"359.63" }
 <=> Length: 140  
2023-04-04 16:58:52,794 : 2023-04-04T09:58:50.000Z location at latitude : -7.437716667 ; longitude : 112.725678333 With speed : 0.041 & Track : 359.63
2023-04-04 16:58:52,796 : Distance to cek point : PURABAYA : 9604 ; Simpang Bengawan : 16518 ; Simpang Pandegiling : 17927 ; RAJAWALI : 22435
2023-04-04 16:58:52,797 : XXXXX Berhenti XXXXXXX
2023-04-04 16:58:53,128 : Success connect to : http://36.66.208.123/api/ 
2023-04-04 16:58:53,129 : ========================================================
2023-04-04 16:58:53,129 : Development Purabaya Rajawali Waiting task on port : 8090 
2023-04-04 16:58:58,750 : Receive: {"task":"TX_PIPE", "dtime":"2023-04-04T09:58:56.000Z", "dlat":"-7.437713333", "dlon":"112.72568", "dspeed":"0.046", "dtrack":"359.63" }
 <=> Length: 136  
2023-04-04 16:58:58,751 : 2023-04-04T09:58:56.000Z location at latitude : -7.437713333 ; longitude : 112.72568 With speed : 0.046 & Track : 359.63
2023-04-04 16:58:58,752 : Distance to cek point : PURABAYA : 9604 ; Simpang Bengawan : 16518 ; Simpang Pandegiling : 17926 ; RAJAWALI : 22435
2023-04-04 16:58:58,753 : XXXXX Berhenti XXXXXXX
2023-04-04 16:58:58,945 : Success connect to : http://36.66.208.123/api/ 
2023-04-04 16:58:58,946 : ========================================================
2023-04-04 16:58:58,947 : Development Purabaya Rajawali Waiting task on port : 8090 
2023-04-04 16:59:04,771 : Receive: {"task":"TX_PIPE", "dtime":"2023-04-04T09:59:02.000Z", "dlat":"-7.437713333", "dlon":"112.72568", "dspeed":"0.067", "dtrack":"359.63" }
 <=> Length: 136  
2023-04-04 16:59:04,772 : 2023-04-04T09:59:02.000Z location at latitude : -7.437713333 ; longitude : 112.72568 With speed : 0.067 & Track : 359.63
2023-04-04 16:59:04,773 : Distance to cek point : PURABAYA : 9604 ; Simpang Bengawan : 16518 ; Simpang Pandegiling : 17926 ; RAJAWALI : 22435
2023-04-04 16:59:04,774 : XXXXX Berhenti XXXXXXX
2023-04-04 16:59:04,932 : Success connect to : http://36.66.208.123/api/ 
2023-04-04 16:59:04,933 : ========================================================
2023-04-04 16:59:04,933 : Development Purabaya Rajawali Waiting task on port : 8090 
2023-04-04 16:59:11,282 : Receive: {"task":"TX_PIPE", "dtime":"2023-04-04T09:59:08.000Z", "dlat":"-7.437711667", "dlon":"112.725678333", "dspeed":"0.087", "dtrack":"359.63" }
 <=> Length: 140  
2023-04-04 16:59:11,283 : 2023-04-04T09:59:08.000Z location at latitude : -7.437711667 ; longitude : 112.725678333 With speed : 0.087 & Track : 359.63
2023-04-04 16:59:11,284 : Distance to cek point : PURABAYA : 9604 ; Simpang Bengawan : 16517 ; Simpang Pandegiling : 17926 ; RAJAWALI : 22435
2023-04-04 16:59:11,285 : XXXXX Berhenti XXXXXXX
2023-04-04 16:59:11,430 : Success connect to : http://36.66.208.123/api/ 
2023-04-04 16:59:11,431 : ========================================================
2023-04-04 16:59:11,431 : Development Purabaya Rajawali Waiting task on port : 8090 
2023-04-04 16:59:16,949 : Receive: {"task":"TX_PIPE", "dtime":"2023-04-04T09:59:14.000Z", "dlat":"-7.437711667", "dlon":"112.725676667", "dspeed":"0.118", "dtrack":"359.63" }
 <=> Length: 140  
2023-04-04 16:59:16,950 : 2023-04-04T09:59:14.000Z location at latitude : -7.437711667 ; longitude : 112.725676667 With speed : 0.118 & Track : 359.63
2023-04-04 16:59:16,952 : Distance to cek point : PURABAYA : 9604 ; Simpang Bengawan : 16517 ; Simpang Pandegiling : 17926 ; RAJAWALI : 22435
2023-04-04 16:59:16,953 : XXXXX Berhenti XXXXXXX
2023-04-04 16:59:17,077 : Success connect to : http://36.66.208.123/api/ 
2023-04-04 16:59:17,078 : ========================================================
2023-04-04 16:59:17,079 : Development Purabaya Rajawali Waiting task on port : 8090 
2023-04-04 16:59:21,962 : Receive: {"task":"TX_PIPE", "dtime":"2023-04-04T09:59:19.000Z", "dlat":"-7.437713333", "dlon":"112.725676667", "dspeed":"0.087", "dtrack":"359.63" }
 <=> Length: 140  
2023-04-04 16:59:21,963 : 2023-04-04T09:59:19.000Z location at latitude : -7.437713333 ; longitude : 112.725676667 With speed : 0.087 & Track : 359.63
2023-04-04 16:59:21,964 : Distance to cek point : PURABAYA : 9604 ; Simpang Bengawan : 16518 ; Simpang Pandegiling : 17926 ; RAJAWALI : 22435
2023-04-04 16:59:21,965 : XXXXX Berhenti XXXXXXX
2023-04-04 16:59:22,086 : Success connect to : http://36.66.208.123/api/ 
2023-04-04 16:59:22,087 : ========================================================
2023-04-04 16:59:22,088 : Development Purabaya Rajawali Waiting task on port : 8090 
2023-04-04 16:59:27,014 : Receive: {"task":"TX_PIPE", "dtime":"2023-04-04T09:59:24.000Z", "dlat":"-7.437713333", "dlon":"112.725678333", "dspeed":"0.062", "dtrack":"359.63" }
 <=> Length: 140  
2023-04-04 16:59:27,015 : 2023-04-04T09:59:24.000Z location at latitude : -7.437713333 ; longitude : 112.725678333 With speed : 0.062 & Track : 359.63
2023-04-04 16:59:27,016 : Distance to cek point : PURABAYA : 9604 ; Simpang Bengawan : 16518 ; Simpang Pandegiling : 17926 ; RAJAWALI : 22435
2023-04-04 16:59:27,017 : XXXXX Berhenti XXXXXXX
2023-04-04 16:59:27,357 : Success connect to : http://36.66.208.123/api/ 
2023-04-04 16:59:27,358 : ========================================================
2023-04-04 16:59:27,358 : Development Purabaya Rajawali Waiting task on port : 8090 
2023-04-04 16:59:32,049 : Receive: {"task":"TX_PIPE", "dtime":"2023-04-04T09:59:29.000Z", "dlat":"-7.437711667", "dlon":"112.725676667", "dspeed":"0.057", "dtrack":"359.63" }
 <=> Length: 140  
2023-04-04 16:59:32,051 : 2023-04-04T09:59:29.000Z location at latitude : -7.437711667 ; longitude : 112.725676667 With speed : 0.057 & Track : 359.63
2023-04-04 16:59:32,052 : Distance to cek point : PURABAYA : 9604 ; Simpang Bengawan : 16517 ; Simpang Pandegiling : 17926 ; RAJAWALI : 22435
2023-04-04 16:59:32,053 : XXXXX Berhenti XXXXXXX
2023-04-04 16:59:32,165 : Success connect to : http://36.66.208.123/api/ 
2023-04-04 16:59:32,166 : ========================================================
2023-04-04 16:59:32,166 : Development Purabaya Rajawali Waiting task on port : 8090 
2023-04-04 16:59:36,975 : Receive: {"task":"TX_PIPE", "dtime":"2023-04-04T09:59:34.000Z", "dlat":"-7.437711667", "dlon":"112.725678333", "dspeed":"0.103", "dtrack":"359.63" }
 <=> Length: 140  
2023-04-04 16:59:36,976 : 2023-04-04T09:59:34.000Z location at latitude : -7.437711667 ; longitude : 112.725678333 With speed : 0.103 & Track : 359.63
2023-04-04 16:59:36,978 : Distance to cek point : PURABAYA : 9604 ; Simpang Bengawan : 16517 ; Simpang Pandegiling : 17926 ; RAJAWALI : 22435
2023-04-04 16:59:36,979 : XXXXX Berhenti XXXXXXX
2023-04-04 16:59:37,397 : Success connect to : http://36.66.208.123/api/ 
2023-04-04 16:59:37,398 : ========================================================
2023-04-04 16:59:37,399 : Development Purabaya Rajawali Waiting task on port : 8090 
2023-04-04 16:59:41,833 : Receive: {"task":"TX_PIPE", "dtime":"2023-04-04T09:59:39.000Z", "dlat":"-7.437711667", "dlon":"112.72568", "dspeed":"0.046", "dtrack":"359.63" }
 <=> Length: 136  
2023-04-04 16:59:41,834 : 2023-04-04T09:59:39.000Z location at latitude : -7.437711667 ; longitude : 112.72568 With speed : 0.046 & Track : 359.63
2023-04-04 16:59:41,835 : Distance to cek point : PURABAYA : 9604 ; Simpang Bengawan : 16517 ; Simpang Pandegiling : 17926 ; RAJAWALI : 22435
2023-04-04 16:59:41,837 : XXXXX Berhenti XXXXXXX
2023-04-04 16:59:42,003 : Success connect to : http://36.66.208.123/api/ 
2023-04-04 16:59:42,004 : ========================================================
2023-04-04 16:59:42,005 : Development Purabaya Rajawali Waiting task on port : 8090 
2023-04-04 16:59:46,878 : Receive: {"task":"TX_PIPE", "dtime":"2023-04-04T09:59:44.000Z", "dlat":"-7.437711667", "dlon":"112.72568", "dspeed":"0.057", "dtrack":"359.63" }
 <=> Length: 136  
2023-04-04 16:59:46,879 : 2023-04-04T09:59:44.000Z location at latitude : -7.437711667 ; longitude : 112.72568 With speed : 0.057 & Track : 359.63
2023-04-04 16:59:46,881 : Distance to cek point : PURABAYA : 9604 ; Simpang Bengawan : 16517 ; Simpang Pandegiling : 17926 ; RAJAWALI : 22435
2023-04-04 16:59:46,882 : XXXXX Berhenti XXXXXXX
2023-04-04 16:59:47,025 : Success connect to : http://36.66.208.123/api/ 
2023-04-04 16:59:47,026 : ========================================================
2023-04-04 16:59:47,027 : Development Purabaya Rajawali Waiting task on port : 8090 
2023-04-04 16:59:51,966 : Receive: {"task":"TX_PIPE", "dtime":"2023-04-04T09:59:49.000Z", "dlat":"-7.437711667", "dlon":"112.72568", "dspeed":"0.098", "dtrack":"359.63" }
 <=> Length: 136  
2023-04-04 16:59:51,968 : 2023-04-04T09:59:49.000Z location at latitude : -7.437711667 ; longitude : 112.72568 With speed : 0.098 & Track : 359.63
2023-04-04 16:59:51,969 : Distance to cek point : PURABAYA : 9604 ; Simpang Bengawan : 16517 ; Simpang Pandegiling : 17926 ; RAJAWALI : 22435
2023-04-04 16:59:51,970 : XXXXX Berhenti XXXXXXX
2023-04-04 16:59:52,140 : Success connect to : http://36.66.208.123/api/ 
2023-04-04 16:59:52,141 : ========================================================
2023-04-04 16:59:52,141 : Development Purabaya Rajawali Waiting task on port : 8090 
2023-04-04 16:59:56,961 : Receive: {"task":"TX_PIPE", "dtime":"2023-04-04T09:59:54.000Z", "dlat":"-7.43771", "dlon":"112.72568", "dspeed":"0.077", "dtrack":"359.63" }
 <=> Length: 132  
2023-04-04 16:59:56,962 : 2023-04-04T09:59:54.000Z location at latitude : -7.43771 ; longitude : 112.72568 With speed : 0.077 & Track : 359.63
2023-04-04 16:59:56,963 : Distance to cek point : PURABAYA : 9604 ; Simpang Bengawan : 16517 ; Simpang Pandegiling : 17926 ; RAJAWALI : 22435
2023-04-04 16:59:56,964 : XXXXX Berhenti XXXXXXX
2023-04-04 16:59:57,316 : Success connect to : http://36.66.208.123/api/ 
2023-04-04 16:59:57,317 : ========================================================
2023-04-04 16:59:57,317 : Development Purabaya Rajawali Waiting task on port : 8090 
2023-04-04 17:00:02,065 : Receive: {"task":"TX_PIPE", "dtime":"2023-04-04T09:59:59.000Z", "dlat":"-7.43771", "dlon":"112.72568", "dspeed":"0.108", "dtrack":"359.63" }
 <=> Length: 132  
2023-04-04 17:00:04,157 : 2023-04-04T09:59:59.000Z location at latitude : -7.43771 ; longitude : 112.72568 With speed : 0.108 & Track : 359.63
2023-04-04 17:00:04,158 : Distance to cek point : PURABAYA : 9604 ; Simpang Bengawan : 16517 ; Simpang Pandegiling : 17926 ; RAJAWALI : 22435
2023-04-04 17:00:04,158 : XXXXX Berhenti XXXXXXX
2023-04-04 17:00:04,308 : Success connect to : http://36.66.208.123/api/ 
2023-04-04 17:00:04,309 : ========================================================
2023-04-04 17:00:04,309 : Development Purabaya Rajawali Waiting task on port : 8090 
2023-04-04 17:00:06,930 : Receive: {"task":"TX_PIPE", "dtime":"2023-04-04T10:00:04.000Z", "dlat":"-7.43771", "dlon":"112.72568", "dspeed":"0.026", "dtrack":"359.63" }
 <=> Length: 132  
2023-04-04 17:00:06,931 : 2023-04-04T10:00:04.000Z location at latitude : -7.43771 ; longitude : 112.72568 With speed : 0.026 & Track : 359.63
2023-04-04 17:00:06,932 : Distance to cek point : PURABAYA : 9604 ; Simpang Bengawan : 16517 ; Simpang Pandegiling : 17926 ; RAJAWALI : 22435
2023-04-04 17:00:06,933 : XXXXX Berhenti XXXXXXX
2023-04-04 17:00:07,086 : Success connect to : http://36.66.208.123/api/ 
2023-04-04 17:00:07,087 : ========================================================
2023-04-04 17:00:07,087 : Development Purabaya Rajawali Waiting task on port : 8090 
2023-04-04 17:00:11,985 : Receive: {"task":"TX_PIPE", "dtime":"2023-04-04T10:00:09.000Z", "dlat":"-7.437708333", "dlon":"112.725678333", "dspeed":"0.01", "dtrack":"359.63" }
 <=> Length: 139  
2023-04-04 17:00:11,986 : 2023-04-04T10:00:09.000Z location at latitude : -7.437708333 ; longitude : 112.725678333 With speed : 0.01 & Track : 359.63
2023-04-04 17:00:11,987 : Distance to cek point : PURABAYA : 9604 ; Simpang Bengawan : 16517 ; Simpang Pandegiling : 17926 ; RAJAWALI : 22435
2023-04-04 17:00:11,988 : XXXXX Berhenti XXXXXXX
2023-04-04 17:00:12,107 : Success connect to : http://36.66.208.123/api/ 
2023-04-04 17:00:12,107 : ========================================================
2023-04-04 17:00:12,108 : Development Purabaya Rajawali Waiting task on port : 8090 
2023-04-04 17:00:16,959 : Receive: {"task":"TX_PIPE", "dtime":"2023-04-04T10:00:14.000Z", "dlat":"-7.437706667", "dlon":"112.72568", "dspeed":"0.026", "dtrack":"359.63" }
 <=> Length: 136  
2023-04-04 17:00:16,960 : 2023-04-04T10:00:14.000Z location at latitude : -7.437706667 ; longitude : 112.72568 With speed : 0.026 & Track : 359.63
2023-04-04 17:00:16,961 : Distance to cek point : PURABAYA : 9603 ; Simpang Bengawan : 16517 ; Simpang Pandegiling : 17926 ; RAJAWALI : 22434
2023-04-04 17:00:16,962 : XXXXX Berhenti XXXXXXX
2023-04-04 17:00:17,108 : Success connect to : http://36.66.208.123/api/ 
2023-04-04 17:00:17,115 : ========================================================
2023-04-04 17:00:17,115 : Development Purabaya Rajawali Waiting task on port : 8090 
2023-04-04 17:00:22,025 : Receive: {"task":"TX_PIPE", "dtime":"2023-04-04T10:00:19.000Z", "dlat":"-7.437705", "dlon":"112.725681667", "dspeed":"0.103", "dtrack":"359.63" }
 <=> Length: 137  
2023-04-04 17:00:22,026 : 2023-04-04T10:00:19.000Z location at latitude : -7.437705 ; longitude : 112.725681667 With speed : 0.103 & Track : 359.63
2023-04-04 17:00:22,027 : Distance to cek point : PURABAYA : 9603 ; Simpang Bengawan : 16517 ; Simpang Pandegiling : 17925 ; RAJAWALI : 22434
2023-04-04 17:00:22,027 : XXXXX Berhenti XXXXXXX
2023-04-04 17:00:22,187 : Success connect to : http://36.66.208.123/api/ 
2023-04-04 17:00:22,192 : ========================================================
2023-04-04 17:00:22,193 : Development Purabaya Rajawali Waiting task on port : 8090 
2023-04-04 17:00:26,946 : Receive: {"task":"TX_PIPE", "dtime":"2023-04-04T10:00:24.000Z", "dlat":"-7.437706667", "dlon":"112.725681667", "dspeed":"0.062", "dtrack":"359.63" }
 <=> Length: 140  
2023-04-04 17:00:26,947 : 2023-04-04T10:00:24.000Z location at latitude : -7.437706667 ; longitude : 112.725681667 With speed : 0.062 & Track : 359.63
2023-04-04 17:00:26,948 : Distance to cek point : PURABAYA : 9603 ; Simpang Bengawan : 16517 ; Simpang Pandegiling : 17926 ; RAJAWALI : 22434
2023-04-04 17:00:26,949 : XXXXX Berhenti XXXXXXX
2023-04-04 17:00:27,076 : Success connect to : http://36.66.208.123/api/ 
2023-04-04 17:00:27,077 : ========================================================
2023-04-04 17:00:27,077 : Development Purabaya Rajawali Waiting task on port : 8090 
2023-04-04 17:00:31,958 : Receive: {"task":"TX_PIPE", "dtime":"2023-04-04T10:00:29.000Z", "dlat":"-7.437705", "dlon":"112.725681667", "dspeed":"0.082", "dtrack":"359.63" }
 <=> Length: 137  
2023-04-04 17:00:31,959 : 2023-04-04T10:00:29.000Z location at latitude : -7.437705 ; longitude : 112.725681667 With speed : 0.082 & Track : 359.63
2023-04-04 17:00:31,960 : Distance to cek point : PURABAYA : 9603 ; Simpang Bengawan : 16517 ; Simpang Pandegiling : 17925 ; RAJAWALI : 22434
2023-04-04 17:00:31,961 : XXXXX Berhenti XXXXXXX
2023-04-04 17:00:32,468 : Success connect to : http://36.66.208.123/api/ 
2023-04-04 17:00:32,469 : ========================================================
2023-04-04 17:00:32,470 : Development Purabaya Rajawali Waiting task on port : 8090 
2023-04-04 17:00:36,937 : Receive: {"task":"TX_PIPE", "dtime":"2023-04-04T10:00:34.000Z", "dlat":"-7.437705", "dlon":"112.725683333", "dspeed":"0.072", "dtrack":"359.63" }
 <=> Length: 137  
2023-04-04 17:00:36,938 : 2023-04-04T10:00:34.000Z location at latitude : -7.437705 ; longitude : 112.725683333 With speed : 0.072 & Track : 359.63
2023-04-04 17:00:36,939 : Distance to cek point : PURABAYA : 9603 ; Simpang Bengawan : 16517 ; Simpang Pandegiling : 17925 ; RAJAWALI : 22434
2023-04-04 17:00:36,940 : XXXXX Berhenti XXXXXXX
2023-04-04 17:00:37,288 : Success connect to : http://36.66.208.123/api/ 
2023-04-04 17:00:37,289 : ========================================================
2023-04-04 17:00:37,290 : Development Purabaya Rajawali Waiting task on port : 8090 
2023-04-04 17:00:41,920 : Receive: {"task":"TX_PIPE", "dtime":"2023-04-04T10:00:39.000Z", "dlat":"-7.437705", "dlon":"112.725685", "dspeed":"0.026", "dtrack":"359.63" }
 <=> Length: 134  
2023-04-04 17:00:41,921 : 2023-04-04T10:00:39.000Z location at latitude : -7.437705 ; longitude : 112.725685 With speed : 0.026 & Track : 359.63
2023-04-04 17:00:41,922 : Distance to cek point : PURABAYA : 9603 ; Simpang Bengawan : 16517 ; Simpang Pandegiling : 17925 ; RAJAWALI : 22434
2023-04-04 17:00:41,923 : XXXXX Berhenti XXXXXXX
2023-04-04 17:00:42,278 : Success connect to : http://36.66.208.123/api/ 
2023-04-04 17:00:42,279 : ========================================================
2023-04-04 17:00:42,280 : Development Purabaya Rajawali Waiting task on port : 8090 
2023-04-04 17:00:46,893 : Receive: {"task":"TX_PIPE", "dtime":"2023-04-04T10:00:44.000Z", "dlat":"-7.437705", "dlon":"112.725685", "dspeed":"0.139", "dtrack":"359.63" }
 <=> Length: 134  
2023-04-04 17:00:46,894 : 2023-04-04T10:00:44.000Z location at latitude : -7.437705 ; longitude : 112.725685 With speed : 0.139 & Track : 359.63
2023-04-04 17:00:46,895 : Distance to cek point : PURABAYA : 9603 ; Simpang Bengawan : 16517 ; Simpang Pandegiling : 17925 ; RAJAWALI : 22434
2023-04-04 17:00:46,896 : XXXXX Berhenti XXXXXXX
2023-04-04 17:00:47,015 : Connection Error to : http://36.66.208.123/api/ 
2023-04-04 17:00:47,016 : ========================================================
2023-04-04 17:00:47,016 : Development Purabaya Rajawali Waiting task on port : 8090 
2023-04-04 17:00:51,961 : Receive: {"task":"TX_PIPE", "dtime":"2023-04-04T10:00:49.000Z", "dlat":"-7.437705", "dlon":"112.725683333", "dspeed":"0.057", "dtrack":"359.63" }
 <=> Length: 137  
2023-04-04 17:00:51,962 : 2023-04-04T10:00:49.000Z location at latitude : -7.437705 ; longitude : 112.725683333 With speed : 0.057 & Track : 359.63
2023-04-04 17:00:51,963 : Distance to cek point : PURABAYA : 9603 ; Simpang Bengawan : 16517 ; Simpang Pandegiling : 17925 ; RAJAWALI : 22434
2023-04-04 17:00:51,963 : XXXXX Berhenti XXXXXXX
2023-04-04 17:00:52,092 : Success connect to : http://36.66.208.123/api/ 
2023-04-04 17:00:52,093 : ========================================================
2023-04-04 17:00:52,093 : Development Purabaya Rajawali Waiting task on port : 8090 
2023-04-04 17:00:56,956 : Receive: {"task":"TX_PIPE", "dtime":"2023-04-04T10:00:54.000Z", "dlat":"-7.437705", "dlon":"112.725683333", "dspeed":"0.103", "dtrack":"359.63" }
 <=> Length: 137  
2023-04-04 17:00:56,957 : 2023-04-04T10:00:54.000Z location at latitude : -7.437705 ; longitude : 112.725683333 With speed : 0.103 & Track : 359.63
2023-04-04 17:00:56,958 : Distance to cek point : PURABAYA : 9603 ; Simpang Bengawan : 16517 ; Simpang Pandegiling : 17925 ; RAJAWALI : 22434
2023-04-04 17:00:56,959 : XXXXX Berhenti XXXXXXX
2023-04-04 17:00:57,291 : Success connect to : http://36.66.208.123/api/ 
2023-04-04 17:00:57,292 : ========================================================
2023-04-04 17:00:57,293 : Development Purabaya Rajawali Waiting task on port : 8090 
2023-04-04 17:01:02,033 : Receive: {"task":"TX_PIPE", "dtime":"2023-04-04T10:00:59.000Z", "dlat":"-7.437703333", "dlon":"112.725685", "dspeed":"0.118", "dtrack":"359.63" }
 <=> Length: 137  
2023-04-04 17:01:02,034 : 2023-04-04T10:00:59.000Z location at latitude : -7.437703333 ; longitude : 112.725685 With speed : 0.118 & Track : 359.63
2023-04-04 17:01:02,035 : Distance to cek point : PURABAYA : 9603 ; Simpang Bengawan : 16516 ; Simpang Pandegiling : 17925 ; RAJAWALI : 22434
2023-04-04 17:01:02,036 : XXXXX Berhenti XXXXXXX
2023-04-04 17:01:02,166 : Success connect to : http://36.66.208.123/api/ 
2023-04-04 17:01:02,167 : ========================================================
2023-04-04 17:01:02,168 : Development Purabaya Rajawali Waiting task on port : 8090 
2023-04-04 17:01:06,882 : Receive: {"task":"TX_PIPE", "dtime":"2023-04-04T10:01:04.000Z", "dlat":"-7.437701667", "dlon":"112.725683333", "dspeed":"0.087", "dtrack":"359.63" }
 <=> Length: 140  
2023-04-04 17:01:06,883 : 2023-04-04T10:01:04.000Z location at latitude : -7.437701667 ; longitude : 112.725683333 With speed : 0.087 & Track : 359.63
2023-04-04 17:01:06,884 : Distance to cek point : PURABAYA : 9603 ; Simpang Bengawan : 16516 ; Simpang Pandegiling : 17925 ; RAJAWALI : 22434
2023-04-04 17:01:06,885 : XXXXX Berhenti XXXXXXX
2023-04-04 17:01:07,014 : Success connect to : http://36.66.208.123/api/ 
2023-04-04 17:01:07,015 : ========================================================
2023-04-04 17:01:07,015 : Development Purabaya Rajawali Waiting task on port : 8090 
2023-04-04 17:01:11,983 : Receive: {"task":"TX_PIPE", "dtime":"2023-04-04T10:01:09.000Z", "dlat":"-7.437701667", "dlon":"112.725683333", "dspeed":"0.046", "dtrack":"359.63" }
 <=> Length: 140  
2023-04-04 17:01:11,984 : 2023-04-04T10:01:09.000Z location at latitude : -7.437701667 ; longitude : 112.725683333 With speed : 0.046 & Track : 359.63
2023-04-04 17:01:11,985 : Distance to cek point : PURABAYA : 9603 ; Simpang Bengawan : 16516 ; Simpang Pandegiling : 17925 ; RAJAWALI : 22434
2023-04-04 17:01:11,986 : XXXXX Berhenti XXXXXXX
2023-04-04 17:01:12,181 : Success connect to : http://36.66.208.123/api/ 
2023-04-04 17:01:12,182 : ========================================================
2023-04-04 17:01:12,182 : Development Purabaya Rajawali Waiting task on port : 8090 
2023-04-04 17:01:16,908 : Receive: {"task":"TX_PIPE", "dtime":"2023-04-04T10:01:14.000Z", "dlat":"-7.437703333", "dlon":"112.725681667", "dspeed":"0.087", "dtrack":"359.63" }
 <=> Length: 140  
2023-04-04 17:01:16,909 : 2023-04-04T10:01:14.000Z location at latitude : -7.437703333 ; longitude : 112.725681667 With speed : 0.087 & Track : 359.63
2023-04-04 17:01:16,910 : Distance to cek point : PURABAYA : 9603 ; Simpang Bengawan : 16517 ; Simpang Pandegiling : 17925 ; RAJAWALI : 22434
2023-04-04 17:01:16,911 : XXXXX Berhenti XXXXXXX
2023-04-04 17:01:17,047 : Success connect to : http://36.66.208.123/api/ 
2023-04-04 17:01:17,054 : ========================================================
2023-04-04 17:01:17,055 : Development Purabaya Rajawali Waiting task on port : 8090 
2023-04-04 17:01:21,930 : Receive: {"task":"TX_PIPE", "dtime":"2023-04-04T10:01:19.000Z", "dlat":"-7.437701667", "dlon":"112.725681667", "dspeed":"0.087", "dtrack":"359.63" }
 <=> Length: 140  
2023-04-04 17:01:21,931 : 2023-04-04T10:01:19.000Z location at latitude : -7.437701667 ; longitude : 112.725681667 With speed : 0.087 & Track : 359.63
2023-04-04 17:01:21,933 : Distance to cek point : PURABAYA : 9603 ; Simpang Bengawan : 16516 ; Simpang Pandegiling : 17925 ; RAJAWALI : 22434
2023-04-04 17:01:21,934 : XXXXX Berhenti XXXXXXX
2023-04-04 17:01:22,386 : Success connect to : http://36.66.208.123/api/ 
2023-04-04 17:01:22,394 : ========================================================
2023-04-04 17:01:22,395 : Development Purabaya Rajawali Waiting task on port : 8090 
2023-04-04 17:01:26,961 : Receive: {"task":"TX_PIPE", "dtime":"2023-04-04T10:01:24.000Z", "dlat":"-7.437698333", "dlon":"112.72568", "dspeed":"0.113", "dtrack":"359.63" }
 <=> Length: 136  
2023-04-04 17:01:26,962 : 2023-04-04T10:01:24.000Z location at latitude : -7.437698333 ; longitude : 112.72568 With speed : 0.113 & Track : 359.63
2023-04-04 17:01:26,962 : Distance to cek point : PURABAYA : 9602 ; Simpang Bengawan : 16516 ; Simpang Pandegiling : 17925 ; RAJAWALI : 22433
2023-04-04 17:01:26,963 : XXXXX Berhenti XXXXXXX
2023-04-04 17:01:27,083 : Success connect to : http://36.66.208.123/api/ 
2023-04-04 17:01:27,084 : ========================================================
2023-04-04 17:01:27,085 : Development Purabaya Rajawali Waiting task on port : 8090 
2023-04-04 17:01:31,929 : Receive: {"task":"TX_PIPE", "dtime":"2023-04-04T10:01:29.000Z", "dlat":"-7.437701667", "dlon":"112.72568", "dspeed":"0.149", "dtrack":"359.63" }
 <=> Length: 136  
2023-04-04 17:01:31,930 : 2023-04-04T10:01:29.000Z location at latitude : -7.437701667 ; longitude : 112.72568 With speed : 0.149 & Track : 359.63
2023-04-04 17:01:31,931 : Distance to cek point : PURABAYA : 9603 ; Simpang Bengawan : 16516 ; Simpang Pandegiling : 17925 ; RAJAWALI : 22434
2023-04-04 17:01:31,932 : XXXXX Berhenti XXXXXXX
2023-04-04 17:01:32,039 : Success connect to : http://36.66.208.123/api/ 
2023-04-04 17:01:32,039 : ========================================================
2023-04-04 17:01:32,040 : Development Purabaya Rajawali Waiting task on port : 8090 
2023-04-04 17:01:36,894 : Receive: {"task":"TX_PIPE", "dtime":"2023-04-04T10:01:34.000Z", "dlat":"-7.437703333", "dlon":"112.725675", "dspeed":"0.154", "dtrack":"258.01" }
 <=> Length: 137  
2023-04-04 17:01:36,895 : 2023-04-04T10:01:34.000Z location at latitude : -7.437703333 ; longitude : 112.725675 With speed : 0.154 & Track : 258.01
2023-04-04 17:01:36,896 : Distance to cek point : PURABAYA : 9603 ; Simpang Bengawan : 16517 ; Simpang Pandegiling : 17925 ; RAJAWALI : 22434
2023-04-04 17:01:36,897 : XXXXX Berhenti XXXXXXX
2023-04-04 17:01:37,216 : Success connect to : http://36.66.208.123/api/ 
2023-04-04 17:01:37,217 : ========================================================
2023-04-04 17:01:37,218 : Development Purabaya Rajawali Waiting task on port : 8090 
2023-04-04 17:01:41,972 : Receive: {"task":"TX_PIPE", "dtime":"2023-04-04T10:01:39.000Z", "dlat":"-7.437701667", "dlon":"112.725673333", "dspeed":"0.057", "dtrack":"258.01" }
 <=> Length: 140  
2023-04-04 17:01:41,973 : 2023-04-04T10:01:39.000Z location at latitude : -7.437701667 ; longitude : 112.725673333 With speed : 0.057 & Track : 258.01
2023-04-04 17:01:41,974 : Distance to cek point : PURABAYA : 9603 ; Simpang Bengawan : 16516 ; Simpang Pandegiling : 17925 ; RAJAWALI : 22434
2023-04-04 17:01:41,975 : XXXXX Berhenti XXXXXXX
2023-04-04 17:01:42,098 : Success connect to : http://36.66.208.123/api/ 
2023-04-04 17:01:42,098 : ========================================================
2023-04-04 17:01:42,099 : Development Purabaya Rajawali Waiting task on port : 8090 
2023-04-04 17:01:46,912 : Receive: {"task":"TX_PIPE", "dtime":"2023-04-04T10:01:44.000Z", "dlat":"-7.437701667", "dlon":"112.725671667", "dspeed":"0.026", "dtrack":"258.01" }
 <=> Length: 140  
2023-04-04 17:01:46,913 : 2023-04-04T10:01:44.000Z location at latitude : -7.437701667 ; longitude : 112.725671667 With speed : 0.026 & Track : 258.01
2023-04-04 17:01:46,914 : Distance to cek point : PURABAYA : 9603 ; Simpang Bengawan : 16516 ; Simpang Pandegiling : 17925 ; RAJAWALI : 22434
2023-04-04 17:01:46,915 : XXXXX Berhenti XXXXXXX
2023-04-04 17:01:47,167 : Success connect to : http://36.66.208.123/api/ 
2023-04-04 17:01:47,167 : ========================================================
2023-04-04 17:01:47,168 : Development Purabaya Rajawali Waiting task on port : 8090 
2023-04-04 17:01:51,937 : Receive: {"task":"TX_PIPE", "dtime":"2023-04-04T10:01:49.000Z", "dlat":"-7.437703333", "dlon":"112.72567", "dspeed":"0.149", "dtrack":"258.01" }
 <=> Length: 136  
2023-04-04 17:01:51,938 : 2023-04-04T10:01:49.000Z location at latitude : -7.437703333 ; longitude : 112.72567 With speed : 0.149 & Track : 258.01
2023-04-04 17:01:51,939 : Distance to cek point : PURABAYA : 9603 ; Simpang Bengawan : 16517 ; Simpang Pandegiling : 17925 ; RAJAWALI : 22434
2023-04-04 17:01:51,940 : XXXXX Berhenti XXXXXXX
2023-04-04 17:01:52,063 : Success connect to : http://36.66.208.123/api/ 
2023-04-04 17:01:52,064 : ========================================================
2023-04-04 17:01:52,065 : Development Purabaya Rajawali Waiting task on port : 8090 
2023-04-04 17:01:56,951 : Receive: {"task":"TX_PIPE", "dtime":"2023-04-04T10:01:54.000Z", "dlat":"-7.437703333", "dlon":"112.72567", "dspeed":"0.072", "dtrack":"258.01" }
 <=> Length: 136  
2023-04-04 17:01:56,952 : 2023-04-04T10:01:54.000Z location at latitude : -7.437703333 ; longitude : 112.72567 With speed : 0.072 & Track : 258.01
2023-04-04 17:01:56,953 : Distance to cek point : PURABAYA : 9603 ; Simpang Bengawan : 16517 ; Simpang Pandegiling : 17925 ; RAJAWALI : 22434
2023-04-04 17:01:56,954 : XXXXX Berhenti XXXXXXX
2023-04-04 17:01:57,099 : Success connect to : http://36.66.208.123/api/ 
2023-04-04 17:01:57,100 : ========================================================
2023-04-04 17:01:57,100 : Development Purabaya Rajawali Waiting task on port : 8090 
2023-04-04 17:02:01,995 : Receive: {"task":"TX_PIPE", "dtime":"2023-04-04T10:01:59.000Z", "dlat":"-7.437701667", "dlon":"112.725671667", "dspeed":"0.113", "dtrack":"258.01" }
 <=> Length: 140  
2023-04-04 17:02:04,207 : 2023-04-04T10:01:59.000Z location at latitude : -7.437701667 ; longitude : 112.725671667 With speed : 0.113 & Track : 258.01
2023-04-04 17:02:04,209 : Distance to cek point : PURABAYA : 9603 ; Simpang Bengawan : 16516 ; Simpang Pandegiling : 17925 ; RAJAWALI : 22434
2023-04-04 17:02:04,211 : XXXXX Berhenti XXXXXXX
2023-04-04 17:02:04,612 : Success connect to : http://36.66.208.123/api/ 
2023-04-04 17:02:04,613 : ========================================================
2023-04-04 17:02:04,614 : Development Purabaya Rajawali Waiting task on port : 8090 
2023-04-04 17:02:09,801 : Receive: {"task":"TX_PIPE", "dtime":"2023-04-04T10:02:07.000Z", "dlat":"-7.437701667", "dlon":"112.72567", "dspeed":"0.129", "dtrack":"258.01" }
 <=> Length: 136  
2023-04-04 17:02:09,802 : 2023-04-04T10:02:07.000Z location at latitude : -7.437701667 ; longitude : 112.72567 With speed : 0.129 & Track : 258.01
2023-04-04 17:02:09,802 : Distance to cek point : PURABAYA : 9603 ; Simpang Bengawan : 16516 ; Simpang Pandegiling : 17925 ; RAJAWALI : 22434
2023-04-04 17:02:09,803 : XXXXX Berhenti XXXXXXX
2023-04-04 17:02:10,222 : Success connect to : http://36.66.208.123/api/ 
2023-04-04 17:02:10,223 : ========================================================
2023-04-04 17:02:10,223 : Development Purabaya Rajawali Waiting task on port : 8090 
2023-04-04 17:02:16,206 : Receive: {"task":"TX_PIPE", "dtime":"2023-04-04T10:02:13.000Z", "dlat":"-7.4377", "dlon":"112.725671667", "dspeed":"0.139", "dtrack":"258.01" }
 <=> Length: 135  
2023-04-04 17:02:16,207 : 2023-04-04T10:02:13.000Z location at latitude : -7.4377 ; longitude : 112.725671667 With speed : 0.139 & Track : 258.01
2023-04-04 17:02:16,207 : Distance to cek point : PURABAYA : 9603 ; Simpang Bengawan : 16516 ; Simpang Pandegiling : 17925 ; RAJAWALI : 22434
2023-04-04 17:02:16,208 : XXXXX Berhenti XXXXXXX
2023-04-04 17:02:16,716 : Success connect to : http://36.66.208.123/api/ 
2023-04-04 17:02:16,717 : ========================================================
2023-04-04 17:02:16,717 : Development Purabaya Rajawali Waiting task on port : 8090 
2023-04-04 17:02:21,961 : Receive: {"task":"TX_PIPE", "dtime":"2023-04-04T10:02:19.000Z", "dlat":"-7.437696667", "dlon":"112.725673333", "dspeed":"0.087", "dtrack":"258.01" }
 <=> Length: 140  
2023-04-04 17:02:21,961 : 2023-04-04T10:02:19.000Z location at latitude : -7.437696667 ; longitude : 112.725673333 With speed : 0.087 & Track : 258.01
2023-04-04 17:02:21,962 : Distance to cek point : PURABAYA : 9602 ; Simpang Bengawan : 16516 ; Simpang Pandegiling : 17925 ; RAJAWALI : 22433
2023-04-04 17:02:21,963 : XXXXX Berhenti XXXXXXX
2023-04-04 17:02:22,079 : Success connect to : http://36.66.208.123/api/ 
2023-04-04 17:02:22,080 : ========================================================
2023-04-04 17:02:22,080 : Development Purabaya Rajawali Waiting task on port : 8090 
2023-04-04 17:02:26,931 : Receive: {"task":"TX_PIPE", "dtime":"2023-04-04T10:02:24.000Z", "dlat":"-7.437695", "dlon":"112.725673333", "dspeed":"0.134", "dtrack":"258.01" }
 <=> Length: 137  
2023-04-04 17:02:26,932 : 2023-04-04T10:02:24.000Z location at latitude : -7.437695 ; longitude : 112.725673333 With speed : 0.134 & Track : 258.01
2023-04-04 17:02:26,933 : Distance to cek point : PURABAYA : 9602 ; Simpang Bengawan : 16516 ; Simpang Pandegiling : 17924 ; RAJAWALI : 22433
2023-04-04 17:02:26,933 : XXXXX Berhenti XXXXXXX
2023-04-04 17:02:27,069 : Success connect to : http://36.66.208.123/api/ 
2023-04-04 17:02:27,070 : ========================================================
2023-04-04 17:02:27,071 : Development Purabaya Rajawali Waiting task on port : 8090 
2023-04-04 17:02:31,999 : Receive: {"task":"TX_PIPE", "dtime":"2023-04-04T10:02:29.000Z", "dlat":"-7.437691667", "dlon":"112.725673333", "dspeed":"0.17", "dtrack":"258.01" }
 <=> Length: 139  
2023-04-04 17:02:32,000 : 2023-04-04T10:02:29.000Z location at latitude : -7.437691667 ; longitude : 112.725673333 With speed : 0.17 & Track : 258.01
2023-04-04 17:02:32,001 : Distance to cek point : PURABAYA : 9602 ; Simpang Bengawan : 16515 ; Simpang Pandegiling : 17924 ; RAJAWALI : 22433
2023-04-04 17:02:32,002 : XXXXX Berhenti XXXXXXX
2023-04-04 17:02:32,113 : Success connect to : http://36.66.208.123/api/ 
2023-04-04 17:02:32,113 : ========================================================
2023-04-04 17:02:32,114 : Development Purabaya Rajawali Waiting task on port : 8090 
2023-04-04 17:02:37,112 : Receive: {"task":"TX_PIPE", "dtime":"2023-04-04T10:02:34.000Z", "dlat":"-7.43769", "dlon":"112.725675", "dspeed":"0.237", "dtrack":"258.01" }
 <=> Length: 133  
2023-04-04 17:02:37,113 : 2023-04-04T10:02:34.000Z location at latitude : -7.43769 ; longitude : 112.725675 With speed : 0.237 & Track : 258.01
2023-04-04 17:02:37,114 : Distance to cek point : PURABAYA : 9602 ; Simpang Bengawan : 16515 ; Simpang Pandegiling : 17924 ; RAJAWALI : 22433
2023-04-04 17:02:37,115 : XXXXX Berhenti XXXXXXX
2023-04-04 17:02:37,249 : Success connect to : http://36.66.208.123/api/ 
2023-04-04 17:02:37,250 : ========================================================
2023-04-04 17:02:37,251 : Development Purabaya Rajawali Waiting task on port : 8090 
2023-04-04 17:02:41,956 : Receive: {"task":"TX_PIPE", "dtime":"2023-04-04T10:02:39.000Z", "dlat":"-7.437691667", "dlon":"112.725671667", "dspeed":"0.108", "dtrack":"258.01" }
 <=> Length: 140  
2023-04-04 17:02:41,957 : 2023-04-04T10:02:39.000Z location at latitude : -7.437691667 ; longitude : 112.725671667 With speed : 0.108 & Track : 258.01
2023-04-04 17:02:41,958 : Distance to cek point : PURABAYA : 9602 ; Simpang Bengawan : 16515 ; Simpang Pandegiling : 17924 ; RAJAWALI : 22433
2023-04-04 17:02:41,959 : XXXXX Berhenti XXXXXXX
2023-04-04 17:02:42,089 : Success connect to : http://36.66.208.123/api/ 
2023-04-04 17:02:42,090 : ========================================================
2023-04-04 17:02:42,090 : Development Purabaya Rajawali Waiting task on port : 8090 
2023-04-04 17:02:46,957 : Receive: {"task":"TX_PIPE", "dtime":"2023-04-04T10:02:44.000Z", "dlat":"-7.437691667", "dlon":"112.725671667", "dspeed":"0.087", "dtrack":"258.01" }
 <=> Length: 140  
2023-04-04 17:02:46,958 : 2023-04-04T10:02:44.000Z location at latitude : -7.437691667 ; longitude : 112.725671667 With speed : 0.087 & Track : 258.01
2023-04-04 17:02:46,959 : Distance to cek point : PURABAYA : 9602 ; Simpang Bengawan : 16515 ; Simpang Pandegiling : 17924 ; RAJAWALI : 22433
2023-04-04 17:02:46,960 : XXXXX Berhenti XXXXXXX
2023-04-04 17:02:47,153 : Success connect to : http://36.66.208.123/api/ 
2023-04-04 17:02:47,153 : ========================================================
2023-04-04 17:02:47,154 : Development Purabaya Rajawali Waiting task on port : 8090 
2023-04-04 17:02:51,866 : Receive: {"task":"TX_PIPE", "dtime":"2023-04-04T10:02:49.000Z", "dlat":"-7.43769", "dlon":"112.725671667", "dspeed":"0.051", "dtrack":"258.01" }
 <=> Length: 136  
2023-04-04 17:02:51,867 : 2023-04-04T10:02:49.000Z location at latitude : -7.43769 ; longitude : 112.725671667 With speed : 0.051 & Track : 258.01
2023-04-04 17:02:51,868 : Distance to cek point : PURABAYA : 9602 ; Simpang Bengawan : 16515 ; Simpang Pandegiling : 17924 ; RAJAWALI : 22433
2023-04-04 17:02:51,869 : XXXXX Berhenti XXXXXXX
2023-04-04 17:02:51,983 : Success connect to : http://36.66.208.123/api/ 
2023-04-04 17:02:51,988 : ========================================================
2023-04-04 17:02:51,988 : Development Purabaya Rajawali Waiting task on port : 8090 
2023-04-04 17:02:56,970 : Receive: {"task":"TX_PIPE", "dtime":"2023-04-04T10:02:54.000Z", "dlat":"-7.43769", "dlon":"112.725668333", "dspeed":"0.098", "dtrack":"258.01" }
 <=> Length: 136  
2023-04-04 17:02:56,971 : 2023-04-04T10:02:54.000Z location at latitude : -7.43769 ; longitude : 112.725668333 With speed : 0.098 & Track : 258.01
2023-04-04 17:02:56,972 : Distance to cek point : PURABAYA : 9602 ; Simpang Bengawan : 16515 ; Simpang Pandegiling : 17924 ; RAJAWALI : 22433
2023-04-04 17:02:56,973 : XXXXX Berhenti XXXXXXX
2023-04-04 17:02:57,383 : Success connect to : http://36.66.208.123/api/ 
2023-04-04 17:02:57,384 : ========================================================
2023-04-04 17:02:57,385 : Development Purabaya Rajawali Waiting task on port : 8090 
2023-04-04 17:03:02,064 : Receive: {"task":"TX_PIPE", "dtime":"2023-04-04T10:02:59.000Z", "dlat":"-7.43769", "dlon":"112.72567", "dspeed":"0.098", "dtrack":"258.01" }
 <=> Length: 132  
2023-04-04 17:03:02,065 : 2023-04-04T10:02:59.000Z location at latitude : -7.43769 ; longitude : 112.72567 With speed : 0.098 & Track : 258.01
2023-04-04 17:03:02,066 : Distance to cek point : PURABAYA : 9602 ; Simpang Bengawan : 16515 ; Simpang Pandegiling : 17924 ; RAJAWALI : 22433
2023-04-04 17:03:02,067 : XXXXX Berhenti XXXXXXX
2023-04-04 17:03:02,185 : Success connect to : http://36.66.208.123/api/ 
2023-04-04 17:03:02,192 : ========================================================
2023-04-04 17:03:02,193 : Development Purabaya Rajawali Waiting task on port : 8090 
2023-04-04 17:03:06,890 : Receive: {"task":"TX_PIPE", "dtime":"2023-04-04T10:03:04.000Z", "dlat":"-7.437691667", "dlon":"112.725671667", "dspeed":"0.129", "dtrack":"258.01" }
 <=> Length: 140  
2023-04-04 17:03:06,891 : 2023-04-04T10:03:04.000Z location at latitude : -7.437691667 ; longitude : 112.725671667 With speed : 0.129 & Track : 258.01
2023-04-04 17:03:06,892 : Distance to cek point : PURABAYA : 9602 ; Simpang Bengawan : 16515 ; Simpang Pandegiling : 17924 ; RAJAWALI : 22433
2023-04-04 17:03:06,894 : XXXXX Berhenti XXXXXXX
2023-04-04 17:03:06,908 : Connection Error to : http://36.66.208.123/api/ 
2023-04-04 17:03:06,909 : ========================================================
2023-04-04 17:03:06,909 : Development Purabaya Rajawali Waiting task on port : 8090 
2023-04-04 17:03:11,986 : Receive: {"task":"TX_PIPE", "dtime":"2023-04-04T10:03:09.000Z", "dlat":"-7.437691667", "dlon":"112.72567", "dspeed":"0.057", "dtrack":"258.01" }
 <=> Length: 136  
2023-04-04 17:03:11,988 : 2023-04-04T10:03:09.000Z location at latitude : -7.437691667 ; longitude : 112.72567 With speed : 0.057 & Track : 258.01
2023-04-04 17:03:11,989 : Distance to cek point : PURABAYA : 9602 ; Simpang Bengawan : 16515 ; Simpang Pandegiling : 17924 ; RAJAWALI : 22433
2023-04-04 17:03:11,990 : XXXXX Berhenti XXXXXXX
2023-04-04 17:03:12,141 : Success connect to : http://36.66.208.123/api/ 
2023-04-04 17:03:12,142 : ========================================================
2023-04-04 17:03:12,143 : Development Purabaya Rajawali Waiting task on port : 8090 
2023-04-04 17:03:16,962 : Receive: {"task":"TX_PIPE", "dtime":"2023-04-04T10:03:14.000Z", "dlat":"-7.437691667", "dlon":"112.72567", "dspeed":"0.057", "dtrack":"258.01" }
 <=> Length: 136  
2023-04-04 17:03:16,962 : 2023-04-04T10:03:14.000Z location at latitude : -7.437691667 ; longitude : 112.72567 With speed : 0.057 & Track : 258.01
2023-04-04 17:03:16,963 : Distance to cek point : PURABAYA : 9602 ; Simpang Bengawan : 16515 ; Simpang Pandegiling : 17924 ; RAJAWALI : 22433
2023-04-04 17:03:16,963 : XXXXX Berhenti XXXXXXX
2023-04-04 17:03:17,127 : Success connect to : http://36.66.208.123/api/ 
2023-04-04 17:03:17,128 : ========================================================
2023-04-04 17:03:17,128 : Development Purabaya Rajawali Waiting task on port : 8090 
2023-04-04 17:03:21,953 : Receive: {"task":"TX_PIPE", "dtime":"2023-04-04T10:03:19.000Z", "dlat":"-7.437691667", "dlon":"112.72567", "dspeed":"0.082", "dtrack":"258.01" }
 <=> Length: 136  
2023-04-04 17:03:21,954 : 2023-04-04T10:03:19.000Z location at latitude : -7.437691667 ; longitude : 112.72567 With speed : 0.082 & Track : 258.01
2023-04-04 17:03:21,954 : Distance to cek point : PURABAYA : 9602 ; Simpang Bengawan : 16515 ; Simpang Pandegiling : 17924 ; RAJAWALI : 22433
2023-04-04 17:03:21,956 : XXXXX Berhenti XXXXXXX
2023-04-04 17:03:22,074 : Success connect to : http://36.66.208.123/api/ 
2023-04-04 17:03:22,075 : ========================================================
2023-04-04 17:03:22,076 : Development Purabaya Rajawali Waiting task on port : 8090 
2023-04-04 17:03:27,001 : Receive: {"task":"TX_PIPE", "dtime":"2023-04-04T10:03:24.000Z", "dlat":"-7.437695", "dlon":"112.725666667", "dspeed":"0.072", "dtrack":"258.01" }
 <=> Length: 137  
2023-04-04 17:03:27,002 : 2023-04-04T10:03:24.000Z location at latitude : -7.437695 ; longitude : 112.725666667 With speed : 0.072 & Track : 258.01
2023-04-04 17:03:27,003 : Distance to cek point : PURABAYA : 9602 ; Simpang Bengawan : 16516 ; Simpang Pandegiling : 17924 ; RAJAWALI : 22433
2023-04-04 17:03:27,004 : XXXXX Berhenti XXXXXXX
2023-04-04 17:03:27,129 : Success connect to : http://36.66.208.123/api/ 
2023-04-04 17:03:27,130 : ========================================================
2023-04-04 17:03:27,130 : Development Purabaya Rajawali Waiting task on port : 8090 
2023-04-04 17:03:31,979 : Receive: {"task":"TX_PIPE", "dtime":"2023-04-04T10:03:29.000Z", "dlat":"-7.437693333", "dlon":"112.725666667", "dspeed":"0.046", "dtrack":"258.01" }
 <=> Length: 140  
2023-04-04 17:03:31,980 : 2023-04-04T10:03:29.000Z location at latitude : -7.437693333 ; longitude : 112.725666667 With speed : 0.046 & Track : 258.01
2023-04-04 17:03:31,982 : Distance to cek point : PURABAYA : 9602 ; Simpang Bengawan : 16516 ; Simpang Pandegiling : 17924 ; RAJAWALI : 22433
2023-04-04 17:03:31,982 : XXXXX Berhenti XXXXXXX
2023-04-04 17:03:32,401 : Success connect to : http://36.66.208.123/api/ 
2023-04-04 17:03:32,401 : ========================================================
2023-04-04 17:03:32,402 : Development Purabaya Rajawali Waiting task on port : 8090 
2023-04-04 17:03:36,974 : Receive: {"task":"TX_PIPE", "dtime":"2023-04-04T10:03:34.000Z", "dlat":"-7.437695", "dlon":"112.725666667", "dspeed":"0.036", "dtrack":"258.01" }
 <=> Length: 137  
2023-04-04 17:03:36,975 : 2023-04-04T10:03:34.000Z location at latitude : -7.437695 ; longitude : 112.725666667 With speed : 0.036 & Track : 258.01
2023-04-04 17:03:36,976 : Distance to cek point : PURABAYA : 9602 ; Simpang Bengawan : 16516 ; Simpang Pandegiling : 17924 ; RAJAWALI : 22433
2023-04-04 17:03:36,977 : XXXXX Berhenti XXXXXXX
2023-04-04 17:03:37,111 : Success connect to : http://36.66.208.123/api/ 
2023-04-04 17:03:37,111 : ========================================================
2023-04-04 17:03:37,112 : Development Purabaya Rajawali Waiting task on port : 8090 
2023-04-04 17:03:41,908 : Receive: {"task":"TX_PIPE", "dtime":"2023-04-04T10:03:39.000Z", "dlat":"-7.437695", "dlon":"112.725668333", "dspeed":"0.026", "dtrack":"258.01" }
 <=> Length: 137  
2023-04-04 17:03:41,909 : 2023-04-04T10:03:39.000Z location at latitude : -7.437695 ; longitude : 112.725668333 With speed : 0.026 & Track : 258.01
2023-04-04 17:03:41,910 : Distance to cek point : PURABAYA : 9602 ; Simpang Bengawan : 16516 ; Simpang Pandegiling : 17924 ; RAJAWALI : 22433
2023-04-04 17:03:41,911 : XXXXX Berhenti XXXXXXX
2023-04-04 17:03:42,045 : Success connect to : http://36.66.208.123/api/ 
2023-04-04 17:03:42,046 : ========================================================
2023-04-04 17:03:42,047 : Development Purabaya Rajawali Waiting task on port : 8090 
2023-04-04 17:03:46,951 : Receive: {"task":"TX_PIPE", "dtime":"2023-04-04T10:03:44.000Z", "dlat":"-7.437695", "dlon":"112.72567", "dspeed":"0.123", "dtrack":"258.01" }
 <=> Length: 133  
2023-04-04 17:03:46,952 : 2023-04-04T10:03:44.000Z location at latitude : -7.437695 ; longitude : 112.72567 With speed : 0.123 & Track : 258.01
2023-04-04 17:03:46,953 : Distance to cek point : PURABAYA : 9602 ; Simpang Bengawan : 16516 ; Simpang Pandegiling : 17924 ; RAJAWALI : 22433
2023-04-04 17:03:46,954 : XXXXX Berhenti XXXXXXX
2023-04-04 17:03:47,446 : Success connect to : http://36.66.208.123/api/ 
2023-04-04 17:03:47,447 : ========================================================
2023-04-04 17:03:47,448 : Development Purabaya Rajawali Waiting task on port : 8090 
2023-04-04 17:03:51,961 : Receive: {"task":"TX_PIPE", "dtime":"2023-04-04T10:03:49.000Z", "dlat":"-7.437696667", "dlon":"112.72567", "dspeed":"0.108", "dtrack":"258.01" }
 <=> Length: 136  
2023-04-04 17:03:51,962 : 2023-04-04T10:03:49.000Z location at latitude : -7.437696667 ; longitude : 112.72567 With speed : 0.108 & Track : 258.01
2023-04-04 17:03:51,963 : Distance to cek point : PURABAYA : 9602 ; Simpang Bengawan : 16516 ; Simpang Pandegiling : 17925 ; RAJAWALI : 22433
2023-04-04 17:03:51,964 : XXXXX Berhenti XXXXXXX
2023-04-04 17:03:52,102 : Success connect to : http://36.66.208.123/api/ 
2023-04-04 17:03:52,103 : ========================================================
2023-04-04 17:03:52,103 : Development Purabaya Rajawali Waiting task on port : 8090 
2023-04-04 17:03:57,008 : Receive: {"task":"TX_PIPE", "dtime":"2023-04-04T10:03:54.000Z", "dlat":"-7.437696667", "dlon":"112.72567", "dspeed":"0.082", "dtrack":"258.01" }
 <=> Length: 136  
2023-04-04 17:03:57,009 : 2023-04-04T10:03:54.000Z location at latitude : -7.437696667 ; longitude : 112.72567 With speed : 0.082 & Track : 258.01
2023-04-04 17:03:57,010 : Distance to cek point : PURABAYA : 9602 ; Simpang Bengawan : 16516 ; Simpang Pandegiling : 17925 ; RAJAWALI : 22433
2023-04-04 17:03:57,010 : XXXXX Berhenti XXXXXXX
2023-04-04 17:03:57,132 : Success connect to : http://36.66.208.123/api/ 
2023-04-04 17:03:57,133 : ========================================================
2023-04-04 17:03:57,133 : Development Purabaya Rajawali Waiting task on port : 8090 
2023-04-04 17:04:02,043 : Receive: {"task":"TX_PIPE", "dtime":"2023-04-04T10:03:59.000Z", "dlat":"-7.437696667", "dlon":"112.72567", "dspeed":"0.113", "dtrack":"258.01" }
 <=> Length: 136  
2023-04-04 17:04:02,044 : 2023-04-04T10:03:59.000Z location at latitude : -7.437696667 ; longitude : 112.72567 With speed : 0.113 & Track : 258.01
2023-04-04 17:04:02,045 : Distance to cek point : PURABAYA : 9602 ; Simpang Bengawan : 16516 ; Simpang Pandegiling : 17925 ; RAJAWALI : 22433
2023-04-04 17:04:02,046 : XXXXX Berhenti XXXXXXX
2023-04-04 17:04:02,404 : Success connect to : http://36.66.208.123/api/ 
2023-04-04 17:04:02,404 : ========================================================
2023-04-04 17:04:02,405 : Development Purabaya Rajawali Waiting task on port : 8090 
2023-04-04 17:04:22,634 : Got Server on : http://36.66.208.123/api/ 
2023-04-04 17:04:22,646 : Starting: TXR103 === : Development Purabaya Rajawali on linux
2023-04-04 17:04:22,678 : Distance A terminal PURABAYA to Simpang Bengawan = 6945 ; to Simpang Pandegiling = 8359
2023-04-04 17:04:22,679 : Distance B terminal RAJAWALI to Simpang Bengawan = 5961 ; to Simpang Pandegiling = 4598
2023-04-04 17:04:22,817 : Success connect to : http://36.66.208.123/api/ 
2023-04-04 18:29:41,660 : Got Server on : http://36.66.208.123/api/ 
2023-04-04 18:29:41,679 : Starting: TXR103 === : Development Purabaya Rajawali on linux
2023-04-04 18:29:41,733 : Distance A terminal PURABAYA to Simpang Bengawan = 6945 ; to Simpang Pandegiling = 8359
2023-04-04 18:29:41,734 : Distance B terminal RAJAWALI to Simpang Bengawan = 5961 ; to Simpang Pandegiling = 4598
2023-04-04 18:29:44,870 : Timeout connect to : http://36.66.208.123/api/ 
2023-04-04 18:29:44,872 : ========================================================
2023-04-04 18:29:44,873 : Development Purabaya Rajawali Waiting task on port : 8090 
2023-04-04 18:33:25,035 : Got Server on : http://36.66.208.123/api/ 
2023-04-04 18:33:25,056 : Starting: TXR103 === : Development Purabaya Rajawali on linux
2023-04-04 18:33:25,118 : Distance A terminal PURABAYA to Simpang Bengawan = 6945 ; to Simpang Pandegiling = 8359
2023-04-04 18:33:25,119 : Distance B terminal RAJAWALI to Simpang Bengawan = 5961 ; to Simpang Pandegiling = 4598
2023-04-04 18:33:25,576 : Success connect to : http://36.66.208.123/api/ 
2023-04-04 18:33:25,579 : ========================================================
2023-04-04 18:33:25,580 : Development Purabaya Rajawali Waiting task on port : 8090 
2023-04-04 18:33:50,911 : Got Server on : http://36.66.208.123/api/ 
2023-04-04 18:33:50,932 : Starting: TXR103 === : Development Purabaya Rajawali on linux
2023-04-04 18:33:51,303 : Distance A terminal PURABAYA to Simpang Bengawan = 6945 ; to Simpang Pandegiling = 8359
2023-04-04 18:33:51,304 : Distance B terminal RAJAWALI to Simpang Bengawan = 5961 ; to Simpang Pandegiling = 4598
2023-04-04 18:33:51,455 : Success connect to : http://36.66.208.123/api/ 
2023-04-04 18:33:51,457 : ========================================================
2023-04-04 18:33:51,458 : Development Purabaya Rajawali Waiting task on port : 8090 
2023-04-04 18:34:47,097 : Got Server on : http://36.66.208.123/api/ 
2023-04-04 18:34:47,118 : Starting: TXR103 === : Development Purabaya Rajawali on linux
2023-04-04 18:34:47,180 : Distance A terminal PURABAYA to Simpang Bengawan = 6945 ; to Simpang Pandegiling = 8359
2023-04-04 18:34:47,181 : Distance B terminal RAJAWALI to Simpang Bengawan = 5961 ; to Simpang Pandegiling = 4598
2023-04-04 18:34:47,377 : Success connect to : http://36.66.208.123/api/ 
2023-04-04 18:34:47,379 : ========================================================
2023-04-04 18:34:47,380 : Development Purabaya Rajawali Waiting task on port : 8090 
2023-04-04 18:40:11,048 : Got Server on : http://36.66.208.123/api/ 
2023-04-04 18:40:11,068 : Starting: TXR103 === : Development Purabaya Rajawali on linux
2023-04-04 18:45:08,511 : Got Server on : http://36.66.208.123/api/ 
2023-04-04 18:45:08,531 : Starting: TXR103 === : Development Purabaya Rajawali on linux
2023-04-04 18:46:14,517 : Got Server on : http://36.66.208.123/api/ 
2023-04-04 18:46:14,537 : Starting: TXR103 === : Development Purabaya Rajawali on linux
2023-04-04 18:47:33,667 : Got Server on : http://36.66.208.123/api/ 
2023-04-04 18:47:33,687 : Starting: TXR103 === : Development Purabaya Rajawali on linux
2023-04-04 18:50:38,062 : Got Server on : http://36.66.208.123/api/ 
2023-04-04 18:50:38,082 : Starting: TXR103 === : Development Purabaya Rajawali on linux
2023-04-04 18:50:38,143 : Distance A terminal PURABAYA to Simpang Bengawan = 6945 ; to Simpang Pandegiling = 8359
2023-04-04 18:50:38,144 : Distance B terminal RAJAWALI to Simpang Bengawan = 5961 ; to Simpang Pandegiling = 4598
2023-04-04 18:50:38,573 : Success connect to : http://36.66.208.123/api/ 
2023-04-04 18:50:38,581 : ========================================================
2023-04-04 18:50:38,581 : Development Purabaya Rajawali Waiting task on port : 8090 
2023-04-04 19:30:26,405 : Got Server on : http://192.168.1.3/api/ 
2023-04-04 19:30:26,426 : Starting: TXR103 === : Development Purabaya Rajawali on linux
2023-04-04 19:30:26,488 : Distance A terminal PURABAYA to Simpang Bengawan = 6945 ; to Simpang Pandegiling = 8359
2023-04-04 19:30:26,489 : Distance B terminal RAJAWALI to Simpang Bengawan = 5961 ; to Simpang Pandegiling = 4598
2023-04-04 19:30:26,542 : Success connect to : http://192.168.1.3/api/ 
2023-04-04 19:30:26,917 : Success connect to : http://127.0.0.1/api/ 
2023-04-04 19:30:26,918 : ========================================================
2023-04-04 19:30:26,919 : Development Purabaya Rajawali Waiting task on port : 8090 
2023-04-04 19:32:37,675 : Got Server on : http://192.168.1.3/api/ 
2023-04-04 19:32:37,687 : Starting: TXR103 === : Development Purabaya Rajawali on linux
2023-04-04 19:32:37,720 : Distance A terminal PURABAYA to Simpang Bengawan = 6945 ; to Simpang Pandegiling = 8359
2023-04-04 19:32:37,721 : Distance B terminal RAJAWALI to Simpang Bengawan = 5961 ; to Simpang Pandegiling = 4598
2023-04-04 19:32:37,779 : Success connect to : http://192.168.1.3/api/ 
2023-04-04 19:32:38,359 : Success connect to : http://127.0.0.1/api/ 
2023-04-04 19:32:38,361 : ========================================================
2023-04-04 19:32:38,362 : Development Purabaya Rajawali Waiting task on port : 8090 
2023-04-04 19:32:51,836 : Receive: {"task":"EXE_RELAY","device":"RXS112","route":"RAJAWALI_SELATAN","param":"TXR103","port1":"OFF","port2":"ON","port3":"ON","port4":"ON"} <=> Length: 135  
2023-04-04 19:32:51,837 : >>>Not for me 
2023-04-04 19:32:51,838 : ========================================================
2023-04-04 19:32:51,840 : Development Purabaya Rajawali Waiting task on port : 8090 
2023-04-04 19:35:05,902 : Got Server on : http://192.168.1.3/api/ 
2023-04-04 19:35:05,927 : Starting: TXR103 === : Development Purabaya Rajawali on linux
2023-04-04 19:35:05,985 : Distance A terminal PURABAYA to Simpang Bengawan = 6945 ; to Simpang Pandegiling = 8359
2023-04-04 19:35:05,986 : Distance B terminal RAJAWALI to Simpang Bengawan = 5961 ; to Simpang Pandegiling = 4598
2023-04-04 19:35:06,050 : Success connect to : http://192.168.1.3/api/ 
2023-04-04 19:35:06,185 : Success connect to : http://127.0.0.1/api/ 
2023-04-04 19:35:06,187 : ========================================================
2023-04-04 19:35:06,188 : Development Purabaya Rajawali Waiting task on port : 8090 
2023-04-04 19:35:09,781 : Receive: {"task":"EXE_RELAY","device":"RXS112","route":"RAJAWALI_SELATAN","param":"TXR103","port1":"OFF","port2":"ON","port3":"ON","port4":"ON"} <=> Length: 135  
2023-04-04 19:35:09,783 : Receive order DUEL : OFF : ON : ON : ON
2023-04-04 19:35:09,784 : ========================================================
2023-04-04 19:35:09,784 : Development Purabaya Rajawali Waiting task on port : 8090 
2023-04-04 19:40:11,972 : Got Server on : http://192.168.1.3/api/ 
2023-04-04 19:40:11,993 : Starting: TXR103 === : Development Purabaya Rajawali on linux
2023-04-04 19:40:12,038 : Distance A terminal PURABAYA to Simpang Bengawan = 6945 ; to Simpang Pandegiling = 8359
2023-04-04 19:40:12,039 : Distance B terminal RAJAWALI to Simpang Bengawan = 5961 ; to Simpang Pandegiling = 4598
2023-04-04 19:40:12,075 : Success connect to : http://192.168.1.3/api/ 
2023-04-04 19:40:12,435 : Success connect to : http://127.0.0.1/api/ 
2023-04-04 19:40:12,437 : ========================================================
2023-04-04 19:40:12,438 : Development Purabaya Rajawali Waiting task on port : 8090 
2023-04-04 19:40:15,021 : Receive: {"task":"EXE_RELAY","device":"RXS112","route":"RAJAWALI_SELATAN","param":"TXR103","port1":"OFF","port2":"ON","port3":"ON","port4":"ON"} <=> Length: 135  
2023-04-04 19:41:09,663 : Got Server on : http://192.168.1.3/api/ 
2023-04-04 19:41:09,684 : Starting: TXR103 === : Development Purabaya Rajawali on linux
2023-04-04 19:41:09,749 : Distance A terminal PURABAYA to Simpang Bengawan = 6945 ; to Simpang Pandegiling = 8359
2023-04-04 19:41:09,759 : Distance B terminal RAJAWALI to Simpang Bengawan = 5961 ; to Simpang Pandegiling = 4598
2023-04-04 19:41:13,341 : Timeout connect to : http://192.168.1.3/api/ 
2023-04-04 19:41:13,381 : Success connect to : http://127.0.0.1/api/ 
2023-04-04 19:41:13,383 : ========================================================
2023-04-04 19:41:13,384 : Development Purabaya Rajawali Waiting task on port : 8090 
2023-04-04 19:41:19,679 : Receive: {"task":"EXE_RELAY","device":"RXS112","route":"RAJAWALI_SELATAN","param":"TXR103","port1":"OFF","port2":"ON","port3":"ON","port4":"ON"} <=> Length: 135  
2023-04-04 19:41:19,681 : Receive order to RXS112 DUEL : OFF : ON : ON : ON
2023-04-04 19:41:19,681 : ========================================================
2023-04-04 19:41:19,682 : Development Purabaya Rajawali Waiting task on port : 8090 
2023-04-04 19:41:32,794 : Receive: {"task":"EXE_RELAY","device":"RXS112","route":"RAJAWALI_SELATAN","param":"TXR103","port1":"OFF","port2":"ON","port3":"ON","port4":"ON"} <=> Length: 135  
2023-04-04 19:41:32,795 : Receive order to RXS112 DUEL : OFF : ON : ON : ON
2023-04-04 19:41:32,796 : ========================================================
2023-04-04 19:41:32,797 : Development Purabaya Rajawali Waiting task on port : 8090 
2023-04-04 19:42:19,899 : Got Server on : http://192.168.1.3/api/ 
2023-04-04 19:42:19,919 : Starting: TXR103 === : Development Purabaya Rajawali on linux
2023-04-04 19:42:19,979 : Distance A terminal PURABAYA to Simpang Bengawan = 6945 ; to Simpang Pandegiling = 8359
2023-04-04 19:42:19,980 : Distance B terminal RAJAWALI to Simpang Bengawan = 5961 ; to Simpang Pandegiling = 4598
2023-04-04 19:42:20,039 : Success connect to : http://192.168.1.3/api/ 
2023-04-04 19:42:22,056 : Timeout connect to : http://127.0.0.1/api/ 
2023-04-04 19:42:22,057 : ========================================================
2023-04-04 19:42:22,058 : Development Purabaya Rajawali Waiting task on port : 8090 
2023-04-04 19:42:25,686 : Receive: {"task":"EXE_RELAY","device":"RXS112","route":"RAJAWALI_SELATAN","param":"TXR103","port1":"OFF","port2":"ON","port3":"ON","port4":"ON"} <=> Length: 135  
2023-04-04 19:42:25,687 : Receive order RXS112 ==> DUEL : OFF : ON : ON : ON
2023-04-04 19:42:25,687 : ========================================================
2023-04-04 19:42:25,688 : Development Purabaya Rajawali Waiting task on port : 8090 
2023-04-04 19:44:44,703 : Got Server on : http://192.168.1.3/api/ 
2023-04-04 19:44:44,724 : Starting: TXR103 === : Development Purabaya Rajawali on linux
2023-04-04 19:44:44,787 : Distance A terminal PURABAYA to Simpang Bengawan = 6945 ; to Simpang Pandegiling = 8359
2023-04-04 19:44:44,788 : Distance B terminal RAJAWALI to Simpang Bengawan = 5961 ; to Simpang Pandegiling = 4598
2023-04-04 19:44:44,851 : Success connect to : http://192.168.1.3/api/ 
2023-04-04 19:44:46,868 : Timeout connect to : http://127.0.0.1/api/ 
2023-04-04 19:44:46,870 : ========================================================
2023-04-04 19:44:46,870 : Development Purabaya Rajawali Waiting task on port : 8090 
2023-04-04 19:44:49,800 : Receive: {"task":"EXE_RELAY","device":"RXS112","route":"RAJAWALI_SELATAN","param":"TXR103","port1":"OFF","port2":"ON","port3":"ON","port4":"ON"} <=> Length: 135  
2023-04-04 19:44:49,802 : Receive order RXS112 ==> DUEL : OFF : ON : ON : ON
2023-04-04 19:44:49,803 : ========================================================
2023-04-04 19:44:49,803 : Development Purabaya Rajawali Waiting task on port : 8090 
2023-04-04 19:45:41,548 : Got Server on : http://192.168.1.3/api/ 
2023-04-04 19:45:41,569 : Starting: RXS112 === : Receiver Simpang Bengawan on linux
2023-04-04 19:45:41,657 : ========================================================
2023-04-04 19:45:41,658 : Receiver Simpang Bengawan Waiting task on port : 8090 
2023-04-04 19:45:48,989 : Receive: {"task":"EXE_RELAY","device":"RXS112","route":"RAJAWALI_SELATAN","param":"TXR103","port1":"OFF","port2":"ON","port3":"ON","port4":"ON"} <=> Length: 135  
2023-04-04 19:45:48,990 : Receive order RXS112 ==> DUEL : OFF : ON : ON : ON
2023-04-04 19:45:48,991 : Execute order RXS112 ==> DUEL : OFF : ON : ON : ON
2023-04-04 19:45:48,991 : ========================================================
2023-04-04 19:45:48,992 : Receiver Simpang Bengawan Waiting task on port : 8090 
2023-04-04 19:46:45,857 : Receive: {"task":"EXE_RELAY","device":"RXS112","route":"RAJAWALI_SELATAN","param":"TXR103","port1":"OFF","port2":"ON","port3":"ON","port4":"ON"} <=> Length: 135  
2023-04-04 19:46:45,858 : Receive order RXS112 ==> DUEL : OFF : ON : ON : ON
2023-04-04 19:46:45,859 : Execute order RXS112 ==> DUEL : OFF : ON : ON : ON
2023-04-04 19:46:45,860 : ========================================================
2023-04-04 19:46:45,860 : Receiver Simpang Bengawan Waiting task on port : 8090 
